<?xml version="1.0" encoding="UTF-8"?>
<testsuite xmlns:xsi="http://www.w3.org/2001/XMLSchema-instance" xsi:noNamespaceSchemaLocation="https://maven.apache.org/surefire/maven-surefire-plugin/xsd/surefire-test-report-3.0.xsd" version="3.0" name="io.cucumber.junit.platform.engine.CucumberTestEngine" time="20.905" tests="7" errors="0" skipped="0" failures="5">
  <properties>
[...]
</properties>
  <testcase name="Login dengan username dan password yang terdaftar pada sistem" classname="Login Functionality" time="4.158">
    <system-out><![CDATA[
Scenario: Login dengan username dan password yang terdaftar pada sistem &amp#27;[90m# src/test/resources/login.feature:3&amp#27;[0m
  &amp#27;[32mGiven &amp#27;[0m&amp#27;[32mPengguna sudah berada pada halaman login&amp#27;[0m                        &amp#27;[90m# com.ppl.stepdefinitions.LoginStepDefinition.Pengguna_sudah_berada_pada_halaman_login()&amp#27;[0m
  &amp#27;[32mWhen &amp#27;[0m&amp#27;[32mPengguna memasukan username &amp#27;[0m&amp#27;[32m&amp#27;[1m"standard_user"&amp#27;[0m                      &amp#27;[90m# com.ppl.stepdefinitions.LoginStepDefinition.Pengguna_memasukan_username(java.lang.String)&amp#27;[0m
  &amp#27;[32mAnd &amp#27;[0m&amp#27;[32mPengguna memasukan password &amp#27;[0m&amp#27;[32m&amp#27;[1m"secret_sauce"&amp#27;[0m                        &amp#27;[90m# com.ppl.stepdefinitions.LoginStepDefinition.Pengguna_memasukan_password(java.lang.String)&amp#27;[0m
  &amp#27;[32mAnd &amp#27;[0m&amp#27;[32mPengguna menekan tombol login&amp#27;[0m                                     &amp#27;[90m# com.ppl.stepdefinitions.LoginStepDefinition.Pengguna_menekan_tombol_login()&amp#27;[0m
  &amp#27;[32mThen &amp#27;[0m&amp#27;[32mAplikasi menampilkan halaman dashboard&amp#27;[0m                           &amp#27;[90m# com.ppl.stepdefinitions.LoginStepDefinition.Aplikasi_menampilkan_halaman_dashboard()&amp#27;[0m
]]></system-out>
    <system-err><![CDATA[May 19, 2024 10:02:44 PM io.cucumber.junit.platform.engine.DiscoverySelectorResolver warnWhenCucumberFeaturesPropertyIsUsed
WARNING: Discovering tests using the cucumber.features property. Other discovery selectors are ignored!

This is a work around for the limited JUnit 5 support in Maven and Gradle. Please request/upvote/sponsor/ect better support for JUnit 5 discovery selectors. For details see: https://github.com/cucumber/cucumber-jvm/pull/2498

If you are using the JUnit 5 Suite Engine, Platform Launcher API or Console Launcher you should not use this property. Please consult the JUnit 5 documentation on test selection.
SLF4J(W): No SLF4J providers were found.
SLF4J(W): Defaulting to no-operation (NOP) logger implementation
SLF4J(W): See https://www.slf4j.org/codes.html#noProviders for further details.
]]></system-err>
  </testcase>
  <testcase name="Login dengan username yang terdaftar dan password tidak sesuai" classname="Login Functionality" time="2.779">
    <failure message="expected: &lt;true&gt; but was: &lt;false&gt;" type="org.opentest4j.AssertionFailedError"><![CDATA[org.opentest4j.AssertionFailedError: expected: <true> but was: <false>
	at org.junit.jupiter.api.AssertionFailureBuilder.build(AssertionFailureBuilder.java:151)
	at org.junit.jupiter.api.AssertionFailureBuilder.buildAndThrow(AssertionFailureBuilder.java:132)
	at org.junit.jupiter.api.AssertTrue.failNotTrue(AssertTrue.java:63)
	at org.junit.jupiter.api.AssertTrue.assertTrue(AssertTrue.java:36)
	at org.junit.jupiter.api.AssertTrue.assertTrue(AssertTrue.java:31)
	at org.junit.jupiter.api.Assertions.assertTrue(Assertions.java:180)
	at com.ppl.stepdefinitions.LoginStepDefinition.Aplikasi_menampilkan_pesan_error(LoginStepDefinition.java:45)
	at ✽.Aplikasi menampilkan pesan error "Username and password do not match any user in this service !"(file:///D:/documents/polban/sem%206/ppl%20praktik/W12/webautomation/src/test/resources/login.feature:15)
]]></failure>
    <system-out><![CDATA[
Scenario: Login dengan username yang terdaftar dan password tidak sesuai                                &amp#27;[90m# src/test/resources/login.feature:10&amp#27;[0m
  &amp#27;[32mGiven &amp#27;[0m&amp#27;[32mPengguna sudah berada pada halaman login&amp#27;[0m                                                        &amp#27;[90m# com.ppl.stepdefinitions.LoginStepDefinition.Pengguna_sudah_berada_pada_halaman_login()&amp#27;[0m
  &amp#27;[32mWhen &amp#27;[0m&amp#27;[32mPengguna memasukan username &amp#27;[0m&amp#27;[32m&amp#27;[1m"standard_user"&amp#27;[0m                                                      &amp#27;[90m# com.ppl.stepdefinitions.LoginStepDefinition.Pengguna_memasukan_username(java.lang.String)&amp#27;[0m
  &amp#27;[32mAnd &amp#27;[0m&amp#27;[32mPengguna memasukan password &amp#27;[0m&amp#27;[32m&amp#27;[1m"secret_pass"&amp#27;[0m                                                         &amp#27;[90m# com.ppl.stepdefinitions.LoginStepDefinition.Pengguna_memasukan_password(java.lang.String)&amp#27;[0m
  &amp#27;[32mAnd &amp#27;[0m&amp#27;[32mPengguna menekan tombol login&amp#27;[0m                                                                     &amp#27;[90m# com.ppl.stepdefinitions.LoginStepDefinition.Pengguna_menekan_tombol_login()&amp#27;[0m
  &amp#27;[31mThen &amp#27;[0m&amp#27;[31mAplikasi menampilkan pesan error &amp#27;[0m&amp#27;[31m&amp#27;[1m"Username and password do not match any user in this service !"&amp#27;[0m &amp#27;[90m# com.ppl.stepdefinitions.LoginStepDefinition.Aplikasi_menampilkan_pesan_error(java.lang.String)&amp#27;[0m
      &amp#27;[31morg.opentest4j.AssertionFailedError: expected: <true> but was: <false>
	at org.junit.jupiter.api.AssertionFailureBuilder.build(AssertionFailureBuilder.java:151)
	at org.junit.jupiter.api.AssertionFailureBuilder.buildAndThrow(AssertionFailureBuilder.java:132)
	at org.junit.jupiter.api.AssertTrue.failNotTrue(AssertTrue.java:63)
	at org.junit.jupiter.api.AssertTrue.assertTrue(AssertTrue.java:36)
	at org.junit.jupiter.api.AssertTrue.assertTrue(AssertTrue.java:31)
	at org.junit.jupiter.api.Assertions.assertTrue(Assertions.java:180)
	at com.ppl.stepdefinitions.LoginStepDefinition.Aplikasi_menampilkan_pesan_error(LoginStepDefinition.java:45)
	at âœ½.Aplikasi menampilkan pesan error "Username and password do not match any user in this service !"(file:///D:/documents/polban/sem%206/ppl%20praktik/W12/webautomation/src/test/resources/login.feature:15)
&amp#27;[0m

    Embedding screenshot [image/png 39079 bytes]

]]></system-out>
  </testcase>
  <testcase name="Login dengan username yang tidak terdaftar" classname="Login Functionality" time="2.77">
    <failure message="expected: &lt;true&gt; but was: &lt;false&gt;" type="org.opentest4j.AssertionFailedError"><![CDATA[org.opentest4j.AssertionFailedError: expected: <true> but was: <false>
	at org.junit.jupiter.api.AssertionFailureBuilder.build(AssertionFailureBuilder.java:151)
	at org.junit.jupiter.api.AssertionFailureBuilder.buildAndThrow(AssertionFailureBuilder.java:132)
	at org.junit.jupiter.api.AssertTrue.failNotTrue(AssertTrue.java:63)
	at org.junit.jupiter.api.AssertTrue.assertTrue(AssertTrue.java:36)
	at org.junit.jupiter.api.AssertTrue.assertTrue(AssertTrue.java:31)
	at org.junit.jupiter.api.Assertions.assertTrue(Assertions.java:180)
	at com.ppl.stepdefinitions.LoginStepDefinition.Aplikasi_menampilkan_pesan_error(LoginStepDefinition.java:45)
	at ✽.Aplikasi menampilkan pesan error "Username and password do not match any user in this service !"(file:///D:/documents/polban/sem%206/ppl%20praktik/W12/webautomation/src/test/resources/login.feature:22)
]]></failure>
    <system-out><![CDATA[
Scenario: Login dengan username yang tidak terdaftar                                                    &amp#27;[90m# src/test/resources/login.feature:17&amp#27;[0m
  &amp#27;[32mGiven &amp#27;[0m&amp#27;[32mPengguna sudah berada pada halaman login&amp#27;[0m                                                        &amp#27;[90m# com.ppl.stepdefinitions.LoginStepDefinition.Pengguna_sudah_berada_pada_halaman_login()&amp#27;[0m
  &amp#27;[32mWhen &amp#27;[0m&amp#27;[32mPengguna memasukan username &amp#27;[0m&amp#27;[32m&amp#27;[1m"customer"&amp#27;[0m                                                           &amp#27;[90m# com.ppl.stepdefinitions.LoginStepDefinition.Pengguna_memasukan_username(java.lang.String)&amp#27;[0m
  &amp#27;[32mAnd &amp#27;[0m&amp#27;[32mPengguna memasukan password &amp#27;[0m&amp#27;[32m&amp#27;[1m"secret_sauce"&amp#27;[0m                                                        &amp#27;[90m# com.ppl.stepdefinitions.LoginStepDefinition.Pengguna_memasukan_password(java.lang.String)&amp#27;[0m
  &amp#27;[32mAnd &amp#27;[0m&amp#27;[32mPengguna menekan tombol login&amp#27;[0m                                                                     &amp#27;[90m# com.ppl.stepdefinitions.LoginStepDefinition.Pengguna_menekan_tombol_login()&amp#27;[0m
  &amp#27;[31mThen &amp#27;[0m&amp#27;[31mAplikasi menampilkan pesan error &amp#27;[0m&amp#27;[31m&amp#27;[1m"Username and password do not match any user in this service !"&amp#27;[0m &amp#27;[90m# com.ppl.stepdefinitions.LoginStepDefinition.Aplikasi_menampilkan_pesan_error(java.lang.String)&amp#27;[0m
      &amp#27;[31morg.opentest4j.AssertionFailedError: expected: <true> but was: <false>
	at org.junit.jupiter.api.AssertionFailureBuilder.build(AssertionFailureBuilder.java:151)
	at org.junit.jupiter.api.AssertionFailureBuilder.buildAndThrow(AssertionFailureBuilder.java:132)
	at org.junit.jupiter.api.AssertTrue.failNotTrue(AssertTrue.java:63)
	at org.junit.jupiter.api.AssertTrue.assertTrue(AssertTrue.java:36)
	at org.junit.jupiter.api.AssertTrue.assertTrue(AssertTrue.java:31)
	at org.junit.jupiter.api.Assertions.assertTrue(Assertions.java:180)
	at com.ppl.stepdefinitions.LoginStepDefinition.Aplikasi_menampilkan_pesan_error(LoginStepDefinition.java:45)
	at âœ½.Aplikasi menampilkan pesan error "Username and password do not match any user in this service !"(file:///D:/documents/polban/sem%206/ppl%20praktik/W12/webautomation/src/test/resources/login.feature:22)
&amp#27;[0m

    Embedding screenshot [image/png 38547 bytes]

]]></system-out>
  </testcase>
  <testcase name="Login dengan username tidak terisi dan password terisi" classname="Login Functionality" time="2.573">
    <failure message="expected: &lt;true&gt; but was: &lt;false&gt;" type="org.opentest4j.AssertionFailedError"><![CDATA[org.opentest4j.AssertionFailedError: expected: <true> but was: <false>
	at org.junit.jupiter.api.AssertionFailureBuilder.build(AssertionFailureBuilder.java:151)
	at org.junit.jupiter.api.AssertionFailureBuilder.buildAndThrow(AssertionFailureBuilder.java:132)
	at org.junit.jupiter.api.AssertTrue.failNotTrue(AssertTrue.java:63)
	at org.junit.jupiter.api.AssertTrue.assertTrue(AssertTrue.java:36)
	at org.junit.jupiter.api.AssertTrue.assertTrue(AssertTrue.java:31)
	at org.junit.jupiter.api.Assertions.assertTrue(Assertions.java:180)
	at com.ppl.stepdefinitions.LoginStepDefinition.Aplikasi_menampilkan_pesan_error(LoginStepDefinition.java:45)
	at ✽.Aplikasi menampilkan pesan error "You need Username !"(file:///D:/documents/polban/sem%206/ppl%20praktik/W12/webautomation/src/test/resources/login.feature:28)
]]></failure>
    <system-out><![CDATA[
Scenario: Login dengan username tidak terisi dan password terisi &amp#27;[90m# src/test/resources/login.feature:24&amp#27;[0m
  &amp#27;[32mGiven &amp#27;[0m&amp#27;[32mPengguna sudah berada pada halaman login&amp#27;[0m                 &amp#27;[90m# com.ppl.stepdefinitions.LoginStepDefinition.Pengguna_sudah_berada_pada_halaman_login()&amp#27;[0m
  &amp#27;[32mWhen &amp#27;[0m&amp#27;[32mPengguna memasukan password &amp#27;[0m&amp#27;[32m&amp#27;[1m"secret_sauce"&amp#27;[0m                &amp#27;[90m# com.ppl.stepdefinitions.LoginStepDefinition.Pengguna_memasukan_password(java.lang.String)&amp#27;[0m
  &amp#27;[32mAnd &amp#27;[0m&amp#27;[32mPengguna menekan tombol login&amp#27;[0m                              &amp#27;[90m# com.ppl.stepdefinitions.LoginStepDefinition.Pengguna_menekan_tombol_login()&amp#27;[0m
  &amp#27;[31mThen &amp#27;[0m&amp#27;[31mAplikasi menampilkan pesan error &amp#27;[0m&amp#27;[31m&amp#27;[1m"You need Username !"&amp#27;[0m    &amp#27;[90m# com.ppl.stepdefinitions.LoginStepDefinition.Aplikasi_menampilkan_pesan_error(java.lang.String)&amp#27;[0m
      &amp#27;[31morg.opentest4j.AssertionFailedError: expected: <true> but was: <false>
	at org.junit.jupiter.api.AssertionFailureBuilder.build(AssertionFailureBuilder.java:151)
	at org.junit.jupiter.api.AssertionFailureBuilder.buildAndThrow(AssertionFailureBuilder.java:132)
	at org.junit.jupiter.api.AssertTrue.failNotTrue(AssertTrue.java:63)
	at org.junit.jupiter.api.AssertTrue.assertTrue(AssertTrue.java:36)
	at org.junit.jupiter.api.AssertTrue.assertTrue(AssertTrue.java:31)
	at org.junit.jupiter.api.Assertions.assertTrue(Assertions.java:180)
	at com.ppl.stepdefinitions.LoginStepDefinition.Aplikasi_menampilkan_pesan_error(LoginStepDefinition.java:45)
	at âœ½.Aplikasi menampilkan pesan error "You need Username !"(file:///D:/documents/polban/sem%206/ppl%20praktik/W12/webautomation/src/test/resources/login.feature:28)
&amp#27;[0m

    Embedding screenshot [image/png 34554 bytes]

]]></system-out>
  </testcase>
  <testcase name="Login dengan username terisi dan password tidak terisi" classname="Login Functionality" time="2.807">
    <failure message="expected: &lt;true&gt; but was: &lt;false&gt;" type="org.opentest4j.AssertionFailedError"><![CDATA[org.opentest4j.AssertionFailedError: expected: <true> but was: <false>
	at org.junit.jupiter.api.AssertionFailureBuilder.build(AssertionFailureBuilder.java:151)
	at org.junit.jupiter.api.AssertionFailureBuilder.buildAndThrow(AssertionFailureBuilder.java:132)
	at org.junit.jupiter.api.AssertTrue.failNotTrue(AssertTrue.java:63)
	at org.junit.jupiter.api.AssertTrue.assertTrue(AssertTrue.java:36)
	at org.junit.jupiter.api.AssertTrue.assertTrue(AssertTrue.java:31)
	at org.junit.jupiter.api.Assertions.assertTrue(Assertions.java:180)
	at com.ppl.stepdefinitions.LoginStepDefinition.Aplikasi_menampilkan_pesan_error(LoginStepDefinition.java:45)
	at ✽.Aplikasi menampilkan pesan error "You need Password !"(file:///D:/documents/polban/sem%206/ppl%20praktik/W12/webautomation/src/test/resources/login.feature:34)
]]></failure>
    <system-out><![CDATA[
Scenario: Login dengan username terisi dan password tidak terisi &amp#27;[90m# src/test/resources/login.feature:30&amp#27;[0m
  &amp#27;[32mGiven &amp#27;[0m&amp#27;[32mPengguna sudah berada pada halaman login&amp#27;[0m                 &amp#27;[90m# com.ppl.stepdefinitions.LoginStepDefinition.Pengguna_sudah_berada_pada_halaman_login()&amp#27;[0m
  &amp#27;[32mWhen &amp#27;[0m&amp#27;[32mPengguna memasukan username &amp#27;[0m&amp#27;[32m&amp#27;[1m"standard_user"&amp#27;[0m               &amp#27;[90m# com.ppl.stepdefinitions.LoginStepDefinition.Pengguna_memasukan_username(java.lang.String)&amp#27;[0m
  &amp#27;[32mAnd &amp#27;[0m&amp#27;[32mPengguna menekan tombol login&amp#27;[0m                              &amp#27;[90m# com.ppl.stepdefinitions.LoginStepDefinition.Pengguna_menekan_tombol_login()&amp#27;[0m
  &amp#27;[31mThen &amp#27;[0m&amp#27;[31mAplikasi menampilkan pesan error &amp#27;[0m&amp#27;[31m&amp#27;[1m"You need Password !"&amp#27;[0m    &amp#27;[90m# com.ppl.stepdefinitions.LoginStepDefinition.Aplikasi_menampilkan_pesan_error(java.lang.String)&amp#27;[0m
      &amp#27;[31morg.opentest4j.AssertionFailedError: expected: <true> but was: <false>
	at org.junit.jupiter.api.AssertionFailureBuilder.build(AssertionFailureBuilder.java:151)
	at org.junit.jupiter.api.AssertionFailureBuilder.buildAndThrow(AssertionFailureBuilder.java:132)
	at org.junit.jupiter.api.AssertTrue.failNotTrue(AssertTrue.java:63)
	at org.junit.jupiter.api.AssertTrue.assertTrue(AssertTrue.java:36)
	at org.junit.jupiter.api.AssertTrue.assertTrue(AssertTrue.java:31)
	at org.junit.jupiter.api.Assertions.assertTrue(Assertions.java:180)
	at com.ppl.stepdefinitions.LoginStepDefinition.Aplikasi_menampilkan_pesan_error(LoginStepDefinition.java:45)
	at âœ½.Aplikasi menampilkan pesan error "You need Password !"(file:///D:/documents/polban/sem%206/ppl%20praktik/W12/webautomation/src/test/resources/login.feature:34)
&amp#27;[0m

    Embedding screenshot [image/png 36033 bytes]

]]></system-out>
  </testcase>
  <testcase name="Login dengan username dan password tidak terisi" classname="Login Functionality" time="2.737">
    <failure message="expected: &lt;true&gt; but was: &lt;false&gt;" type="org.opentest4j.AssertionFailedError"><![CDATA[org.opentest4j.AssertionFailedError: expected: <true> but was: <false>
	at org.junit.jupiter.api.AssertionFailureBuilder.build(AssertionFailureBuilder.java:151)
	at org.junit.jupiter.api.AssertionFailureBuilder.buildAndThrow(AssertionFailureBuilder.java:132)
	at org.junit.jupiter.api.AssertTrue.failNotTrue(AssertTrue.java:63)
	at org.junit.jupiter.api.AssertTrue.assertTrue(AssertTrue.java:36)
	at org.junit.jupiter.api.AssertTrue.assertTrue(AssertTrue.java:31)
	at org.junit.jupiter.api.Assertions.assertTrue(Assertions.java:180)
	at com.ppl.stepdefinitions.LoginStepDefinition.Aplikasi_menampilkan_pesan_error(LoginStepDefinition.java:45)
	at ✽.Aplikasi menampilkan pesan error "You need Username & Password !"(file:///D:/documents/polban/sem%206/ppl%20praktik/W12/webautomation/src/test/resources/login.feature:39)
]]></failure>
    <system-out><![CDATA[
Scenario: Login dengan username dan password tidak terisi                &amp#27;[90m# src/test/resources/login.feature:36&amp#27;[0m
  &amp#27;[32mGiven &amp#27;[0m&amp#27;[32mPengguna sudah berada pada halaman login&amp#27;[0m                         &amp#27;[90m# com.ppl.stepdefinitions.LoginStepDefinition.Pengguna_sudah_berada_pada_halaman_login()&amp#27;[0m
  &amp#27;[32mWhen &amp#27;[0m&amp#27;[32mPengguna menekan tombol login&amp#27;[0m                                     &amp#27;[90m# com.ppl.stepdefinitions.LoginStepDefinition.Pengguna_menekan_tombol_login()&amp#27;[0m
  &amp#27;[31mThen &amp#27;[0m&amp#27;[31mAplikasi menampilkan pesan error &amp#27;[0m&amp#27;[31m&amp#27;[1m"You need Username & Password !"&amp#27;[0m &amp#27;[90m# com.ppl.stepdefinitions.LoginStepDefinition.Aplikasi_menampilkan_pesan_error(java.lang.String)&amp#27;[0m
      &amp#27;[31morg.opentest4j.AssertionFailedError: expected: <true> but was: <false>
	at org.junit.jupiter.api.AssertionFailureBuilder.build(AssertionFailureBuilder.java:151)
	at org.junit.jupiter.api.AssertionFailureBuilder.buildAndThrow(AssertionFailureBuilder.java:132)
	at org.junit.jupiter.api.AssertTrue.failNotTrue(AssertTrue.java:63)
	at org.junit.jupiter.api.AssertTrue.assertTrue(AssertTrue.java:36)
	at org.junit.jupiter.api.AssertTrue.assertTrue(AssertTrue.java:31)
	at org.junit.jupiter.api.Assertions.assertTrue(Assertions.java:180)
	at com.ppl.stepdefinitions.LoginStepDefinition.Aplikasi_menampilkan_pesan_error(LoginStepDefinition.java:45)
	at âœ½.Aplikasi menampilkan pesan error "You need Username & Password !"(file:///D:/documents/polban/sem%206/ppl%20praktik/W12/webautomation/src/test/resources/login.feature:39)
&amp#27;[0m

    Embedding screenshot [image/png 35485 bytes]

]]></system-out>
  </testcase>
  <testcase name="Pengguna logout dari aplikasi" classname="Logout Functionality" time="2.894">
    <system-out><![CDATA[
Scenario: Pengguna logout dari aplikasi      &amp#27;[90m# src/test/resources/logout.feature:3&amp#27;[0m
  &amp#27;[32mGiven &amp#27;[0m&amp#27;[32mPengguna sudah login dengan berhasil&amp#27;[0m &amp#27;[90m# com.ppl.stepdefinitions.LogoutStepDefinition.Pengguna_sudah_login_dengan_berhasil()&amp#27;[0m
  &amp#27;[32mWhen &amp#27;[0m&amp#27;[32mPengguna menekan tombol menu bar&amp#27;[0m      &amp#27;[90m# com.ppl.stepdefinitions.LogoutStepDefinition.Pengguna_menekan_tombol_menu_bar()&amp#27;[0m
  &amp#27;[32mAnd &amp#27;[0m&amp#27;[32mPengguna menekan tombol logout&amp#27;[0m         &amp#27;[90m# com.ppl.stepdefinitions.LogoutStepDefinition.Pengguna_menekan_tombol_logout()&amp#27;[0m
  &amp#27;[32mThen &amp#27;[0m&amp#27;[32mAplikasi menampilkan halaman login&amp#27;[0m    &amp#27;[90m# com.ppl.stepdefinitions.LogoutStepDefinition.Aplikasi_menampilkan_halaman_login()&amp#27;[0m
]]></system-out>
  </testcase>
</testsuite>